<?xml version="1.0" encoding="UTF-8"?>
<Site BuildName="(empty)"
	BuildStamp="20231210-1921-Experimental"
	Name="imran460-vm"
	Generator="ctest-3.22.1"
	CompilerName="/usr/bin/g++"
	CompilerVersion="11.4.0"
	OSName="Linux"
	Hostname="imran460-vm"
	OSRelease="6.2.0-37-generic"
	OSVersion="#38~22.04.1-Ubuntu SMP PREEMPT_DYNAMIC Thu Nov  2 18:01:13 UTC 2"
	OSPlatform="x86_64"
	Is64Bits="1"
	VendorString="GenuineIntel"
	VendorID="Intel Corporation"
	FamilyID="6"
	ModelID="140"
	ProcessorCacheSize="8192"
	NumberOfLogicalCPU="3"
	NumberOfPhysicalCPU="3"
	TotalVirtualMemory="4289"
	TotalPhysicalMemory="3115"
	LogicalProcessorsPerPhysical="1"
	ProcessorClockFrequency="2419.2"
	>
	<Testing>
		<StartDateTime>Dec 11 07:04 +08</StartDateTime>
		<StartTestTime>1702249451</StartTestTime>
		<TestList/>
		<EndDateTime>Dec 11 07:04 +08</EndDateTime>
		<EndTestTime>1702249451</EndTestTime>
		<ElapsedMinutes>0</ElapsedMinutes>
	</Testing>
</Site>
